Compiling the CXX compiler identification source file "CMakeCXXCompilerId.cpp" failed.
Compiler: /usr/bin/c++ 
Build flags: 
Id flags:  

The output was:
1
CMakeCXXCompilerId.cpp:791:1: fatal error: error closing /tmp/ccoZSOib.s: No space left on device
  791 | }
      | ^
compilation terminated.


Compiling the CXX compiler identification source file "CMakeCXXCompilerId.cpp" failed.
Compiler: /usr/bin/c++ 
Build flags: 
Id flags: -c 

The output was:
1
CMakeCXXCompilerId.cpp:791:1: fatal error: error closing /tmp/ccI6wuBG.s: No space left on device
  791 | }
      | ^
compilation terminated.


Compiling the CXX compiler identification source file "CMakeCXXCompilerId.cpp" failed.
Compiler: /usr/bin/c++ 
Build flags: 
Id flags: --c++ 

The output was:
1
c++: error: unrecognized command-line option ‘--c++’


Compiling the CXX compiler identification source file "CMakeCXXCompilerId.cpp" failed.
Compiler: /usr/bin/c++ 
Build flags: 
Id flags: --ec++ 

The output was:
1
c++: error: unrecognized command-line option ‘--ec++’; did you mean ‘-Weffc++’?


Compiling the CXX compiler identification source file "CMakeCXXCompilerId.cpp" failed.
Compiler: /usr/bin/c++ 
Build flags: 
Id flags: --target=arm-arm-none-eabi;-mcpu=cortex-m3 

The output was:
1
c++: warning: ‘-mcpu=’ is deprecated; use ‘-mtune=’ or ‘-march=’ instead
c++: error: unrecognized command-line option ‘--target=arm-arm-none-eabi’


Compiling the CXX compiler identification source file "CMakeCXXCompilerId.cpp" failed.
Compiler: /usr/bin/c++ 
Build flags: 
Id flags: -c;-I__does_not_exist__ 

The output was:
1
CMakeCXXCompilerId.cpp:791:1: fatal error: error closing /tmp/cclpiQK4.s: No space left on device
  791 | }
      | ^
compilation terminated.


Compiling the CXX compiler identification source file "CMakeCXXCompilerId.cpp" failed.
Compiler: /usr/bin/c++ 
Build flags: 
Id flags:  

The output was:
1
CMakeCXXCompilerId.cpp:791:1: fatal error: error closing /tmp/ccrNUXnE.s: No space left on device
  791 | }
      | ^
compilation terminated.


Compiling the CXX compiler identification source file "CMakeCXXCompilerId.cpp" failed.
Compiler: /usr/bin/c++ 
Build flags: 
Id flags: -c 

The output was:
1
CMakeCXXCompilerId.cpp:791:1: fatal error: error closing /tmp/ccPArOuQ.s: No space left on device
  791 | }
      | ^
compilation terminated.


Compiling the CXX compiler identification source file "CMakeCXXCompilerId.cpp" failed.
Compiler: /usr/bin/c++ 
Build flags: 
Id flags: --c++ 

The output was:
1
c++: error: unrecognized command-line option ‘--c++’


Compiling the CXX compiler identification source file "CMakeCXXCompilerId.cpp" failed.
Compiler: /usr/bin/c++ 
Build flags: 
Id flags: --ec++ 

The output was:
1
c++: error: unrecognized command-line option ‘--ec++’; did you mean ‘-Weffc++’?


Compiling the CXX compiler identification source file "CMakeCXXCompilerId.cpp" failed.
Compiler: /usr/bin/c++ 
Build flags: 
Id flags: --target=arm-arm-none-eabi;-mcpu=cortex-m3 

The output was:
1
c++: warning: ‘-mcpu=’ is deprecated; use ‘-mtune=’ or ‘-march=’ instead
c++: error: unrecognized command-line option ‘--target=arm-arm-none-eabi’


Compiling the CXX compiler identification source file "CMakeCXXCompilerId.cpp" failed.
Compiler: /usr/bin/c++ 
Build flags: 
Id flags: -c;-I__does_not_exist__ 

The output was:
1
CMakeCXXCompilerId.cpp:791:1: fatal error: error closing /tmp/ccMjq7Xa.s: No space left on device
  791 | }
      | ^
compilation terminated.


Checking whether the CXX compiler is IAR using "" did not match "IAR .+ Compiler":
c++: fatal error: no input files
compilation terminated.
Checking whether the CXX compiler is IAR using "" did not match "IAR .+ Compiler":
c++: fatal error: no input files
compilation terminated.
Detecting CXX compiler ABI info failed to compile with the following output:
Change Dir: /media/vboxuser/8a7cb2fb-d46a-4d79-9e91-c35c5f59a64a/MyExample (copy)/Tinification/Automate/castfunction_variables/build/CMakeFiles/CMakeTmp

Run Build Command(s):/usr/bin/gmake -f Makefile cmTC_64354/fast && /usr/bin/gmake  -f CMakeFiles/cmTC_64354.dir/build.make CMakeFiles/cmTC_64354.dir/build
gmake[1]: Entering directory '/media/vboxuser/8a7cb2fb-d46a-4d79-9e91-c35c5f59a64a/MyExample (copy)/Tinification/Automate/castfunction_variables/build/CMakeFiles/CMakeTmp'
Building CXX object CMakeFiles/cmTC_64354.dir/CMakeCXXCompilerABI.cpp.o
/usr/bin/c++    -o CMakeFiles/cmTC_64354.dir/CMakeCXXCompilerABI.cpp.o -c /usr/share/cmake-3.22/Modules/CMakeCXXCompilerABI.cpp
/usr/share/cmake-3.22/Modules/CMakeCXXCompilerABI.cpp:18:1: fatal error: error closing /tmp/ccGkuNkA.s: No space left on device
   18 | }
      | ^
compilation terminated.
gmake[1]: *** [CMakeFiles/cmTC_64354.dir/build.make:78: CMakeFiles/cmTC_64354.dir/CMakeCXXCompilerABI.cpp.o] Error 1
gmake[1]: Leaving directory '/media/vboxuser/8a7cb2fb-d46a-4d79-9e91-c35c5f59a64a/MyExample (copy)/Tinification/Automate/castfunction_variables/build/CMakeFiles/CMakeTmp'
gmake: *** [Makefile:127: cmTC_64354/fast] Error 2




Determining if the CXX compiler works failed with the following output:
Change Dir: /media/vboxuser/8a7cb2fb-d46a-4d79-9e91-c35c5f59a64a/MyExample (copy)/Tinification/Automate/castfunction_variables/build/CMakeFiles/CMakeTmp

Run Build Command(s):/usr/bin/gmake -f Makefile cmTC_d8812/fast && /usr/bin/gmake  -f CMakeFiles/cmTC_d8812.dir/build.make CMakeFiles/cmTC_d8812.dir/build
gmake[1]: Entering directory '/media/vboxuser/8a7cb2fb-d46a-4d79-9e91-c35c5f59a64a/MyExample (copy)/Tinification/Automate/castfunction_variables/build/CMakeFiles/CMakeTmp'
Building CXX object CMakeFiles/cmTC_d8812.dir/testCXXCompiler.cxx.o
/usr/bin/c++    -o CMakeFiles/cmTC_d8812.dir/testCXXCompiler.cxx.o -c "/media/vboxuser/8a7cb2fb-d46a-4d79-9e91-c35c5f59a64a/MyExample (copy)/Tinification/Automate/castfunction_variables/build/CMakeFiles/CMakeTmp/testCXXCompiler.cxx"
/media/vboxuser/8a7cb2fb-d46a-4d79-9e91-c35c5f59a64a/MyExample (copy)/Tinification/Automate/castfunction_variables/build/CMakeFiles/CMakeTmp/testCXXCompiler.cxx:4:21: fatal error: error closing /tmp/ccOy7DWw.s: No space left on device
    4 | int main(){return 0;}
      |                     ^
compilation terminated.
gmake[1]: *** [CMakeFiles/cmTC_d8812.dir/build.make:78: CMakeFiles/cmTC_d8812.dir/testCXXCompiler.cxx.o] Error 1
gmake[1]: Leaving directory '/media/vboxuser/8a7cb2fb-d46a-4d79-9e91-c35c5f59a64a/MyExample (copy)/Tinification/Automate/castfunction_variables/build/CMakeFiles/CMakeTmp'
gmake: *** [Makefile:127: cmTC_d8812/fast] Error 2



